<?xml version="1.0" encoding="UTF-8"?>
<!-- Generated by org.testng.reporters.JUnitReportReporter -->
<testsuite hostname="DESKTOP-6CO0R1H" failures="0" tests="1" name="mod1.FlipkartMainclass" time="0.017" errors="0" timestamp="2022-10-21T12:06:23 IST" skipped="0">
  <testcase classname="mod1.FlipkartMainclass" name="f" time="0.017"/>
  <system-out/>
</testsuite> <!-- mod1.FlipkartMainclass -->
